DEBUG-10/01/2024-13:56:55-6546556 iade denemesi
DEBUG-10/01/2024-13:56:57-Yordam penceresi büyütülüyor
DEBUG-10/01/2024-13:57:00-Iade al dugmesi tiklandi
DEBUG-15/01/2024-14:15:40-094116 iade denemesi
DEBUG-15/01/2024-14:20:09-0312276 iade denemesi
DEBUG-15/01/2024-14:20:12-Yordam penceresi büyütülüyor
DEBUG-15/01/2024-14:20:17-Iade al dugmesi tiklandi
DEBUG-15/01/2024-14:26:42-0312003 iade denemesi
DEBUG-15/01/2024-14:27:41-5145656 iade denemesi
DEBUG-15/01/2024-14:28:39-554654 iade denemesi
DEBUG-15/01/2024-14:28:42-Yordam penceresi büyütülüyor
DEBUG-15/01/2024-14:28:46-Iade al dugmesi tiklandi
DEBUG-15/01/2024-14:28:48-demirbas no yazildi
DEBUG-15/01/2024-14:29:47-56456 iade denemesi
DEBUG-15/01/2024-14:30:04-None iade denemesi
DEBUG-15/01/2024-14:30:16-6546654 iade denemesi
DEBUG-15/01/2024-14:30:56-564564 iade denemesi
DEBUG-15/01/2024-14:36:57-5645646 iade denemesi
DEBUG-15/01/2024-14:36:57-Missing optional dependency 'openpyxl'.  Use pip or conda to install openpyxl.
DEBUG-15/01/2024-14:36:59-Yordam penceresi büyütülüyor
DEBUG-15/01/2024-14:37:04-Iade al dugmesi tiklandi
DEBUG-15/01/2024-14:37:05-demirbas no yazildi
DEBUG-15/01/2024-14:38:57-65465 iade denemesi
DEBUG-15/01/2024-14:38:57-Missing optional dependency 'openpyxl'.  Use pip or conda to install openpyxl.
DEBUG-15/01/2024-14:39:00-Yordam penceresi büyütülüyor
DEBUG-15/01/2024-14:39:04-Iade al dugmesi tiklandi
DEBUG-15/01/2024-14:39:05-demirbas no yazildi
DEBUG-15/01/2024-14:41:05-56466 iade denemesi
DEBUG-15/01/2024-14:41:05-Missing optional dependency 'openpyxl'.  Use pip or conda to install openpyxl.
DEBUG-15/01/2024-14:41:07-Yordam penceresi büyütülüyor
DEBUG-15/01/2024-14:41:12-Iade al dugmesi tiklandi
DEBUG-15/01/2024-14:41:13-demirbas no yazildi
DEBUG-15/01/2024-14:44:40-65465 iade denemesi
DEBUG-15/01/2024-14:44:43-Yordam penceresi büyütülüyor
DEBUG-15/01/2024-14:44:48-Iade al dugmesi tiklandi
DEBUG-15/01/2024-14:44:49-demirbas no yazildi
