DEBUG-10/01/2024-16:06:04-Üye Ödunc Ýþlemleri düðmesi 1. denemede bulundu
DEBUG-10/01/2024-16:06:04-Üye Ödunc Ýþlemleri - C:\Users\SUBU\Documents\Codebas\YordamYardimBT\ButtonImages\uyeoduncislemleri.png bulundu
DEBUG-10/01/2024-16:06:05-Üye Ödunc Ýþlemleri düðmesi 1. denemede bulundu
DEBUG-10/01/2024-16:06:05-Üye Ödunc Ýþlemleri - C:\Users\SUBU\Documents\Codebas\YordamYardimBT\ButtonImages\uyeoduncislemleri.png bulundu
DEBUG-10/01/2024-16:06:05-Üye Ödunc Ýþlemleri düðmesi týklandý.
DEBUG-10/01/2024-16:06:05-C:\Users\SUBU\Documents\Codebas\YordamYardimBT\ButtonImages\uyeoduncislemleri.png
DEBUG-10/01/2024-16:06:10-Odünç Ýþlemleri düðmesi 1. denemede bulundu
DEBUG-10/01/2024-16:06:10-Odünç Ýþlemleri - C:\Users\SUBU\Documents\Codebas\YordamYardimBT\ButtonImages\odunc.png bulundu
DEBUG-10/01/2024-16:06:11-Odünç Ýþlemleri düðmesi 1. denemede bulundu
DEBUG-10/01/2024-16:06:11-Odünç Ýþlemleri - C:\Users\SUBU\Documents\Codebas\YordamYardimBT\ButtonImages\odunc.png bulundu
DEBUG-10/01/2024-16:06:11-Odünç Ýþlemleri düðmesi týklandý.
DEBUG-10/01/2024-16:06:11-C:\Users\SUBU\Documents\Codebas\YordamYardimBT\ButtonImages\odunc.png
DEBUG-15/01/2024-14:15:07-Üye Ödunc Ýþlemleri düðmesi 1. denemede bulundu
DEBUG-15/01/2024-14:15:07-Üye Ödunc Ýþlemleri - C:\Users\SUBU\Documents\Codebas\YordamYardimBT\ButtonImages\uyeoduncislemleri.png bulundu
DEBUG-15/01/2024-14:15:08-Üye Ödunc Ýþlemleri düðmesi 1. denemede bulundu
DEBUG-15/01/2024-14:15:08-Üye Ödunc Ýþlemleri - C:\Users\SUBU\Documents\Codebas\YordamYardimBT\ButtonImages\uyeoduncislemleri.png bulundu
DEBUG-15/01/2024-14:15:08-Üye Ödunc Ýþlemleri düðmesi týklandý.
DEBUG-15/01/2024-14:15:08-C:\Users\SUBU\Documents\Codebas\YordamYardimBT\ButtonImages\uyeoduncislemleri.png
DEBUG-15/01/2024-14:15:13-Odünç Ýþlemleri düðmesi 1. denemede bulundu
DEBUG-15/01/2024-14:15:13-Odünç Ýþlemleri - C:\Users\SUBU\Documents\Codebas\YordamYardimBT\ButtonImages\odunc.png bulundu
DEBUG-15/01/2024-14:15:14-Odünç Ýþlemleri düðmesi 1. denemede bulundu
DEBUG-15/01/2024-14:15:14-Odünç Ýþlemleri - C:\Users\SUBU\Documents\Codebas\YordamYardimBT\ButtonImages\odunc.png bulundu
DEBUG-15/01/2024-14:15:14-Odünç Ýþlemleri düðmesi týklandý.
DEBUG-15/01/2024-14:15:14-C:\Users\SUBU\Documents\Codebas\YordamYardimBT\ButtonImages\odunc.png
DEBUG-15/01/2024-14:20:15-Ýade Al düðmesi 1. denemede bulundu
DEBUG-15/01/2024-14:20:15-Ýade Al - c:\Users\SUBU\Documents\Codebas\YordamYardimBT\ButtonImages\iadealbutton.png bulundu
DEBUG-15/01/2024-14:20:17-Ýade Al düðmesi 1. denemede bulundu
DEBUG-15/01/2024-14:20:17-Ýade Al - c:\Users\SUBU\Documents\Codebas\YordamYardimBT\ButtonImages\iadealbutton.png bulundu
DEBUG-15/01/2024-14:20:17-Ýade Al düðmesi týklandý.
DEBUG-15/01/2024-14:20:17-c:\Users\SUBU\Documents\Codebas\YordamYardimBT\ButtonImages\iadealbutton.png
DEBUG-15/01/2024-14:28:45-Ýade Al düðmesi 1. denemede bulundu
DEBUG-15/01/2024-14:28:45-Ýade Al - c:\Users\SUBU\Documents\Codebas\YordamYardimBT\ButtonImages\iadealbutton.png bulundu
DEBUG-15/01/2024-14:28:46-Ýade Al düðmesi 1. denemede bulundu
DEBUG-15/01/2024-14:28:46-Ýade Al - c:\Users\SUBU\Documents\Codebas\YordamYardimBT\ButtonImages\iadealbutton.png bulundu
DEBUG-15/01/2024-14:28:46-Ýade Al düðmesi týklandý.
DEBUG-15/01/2024-14:28:46-c:\Users\SUBU\Documents\Codebas\YordamYardimBT\ButtonImages\iadealbutton.png
DEBUG-15/01/2024-14:37:02-Ýade Al düðmesi 1. denemede bulundu
DEBUG-15/01/2024-14:37:02-Ýade Al - C:\Users\SUBU\Documents\Codebas\YordamYardimBT\ButtonImages\iadealbutton.png bulundu
DEBUG-15/01/2024-14:37:03-Ýade Al düðmesi 1. denemede bulundu
DEBUG-15/01/2024-14:37:03-Ýade Al - C:\Users\SUBU\Documents\Codebas\YordamYardimBT\ButtonImages\iadealbutton.png bulundu
DEBUG-15/01/2024-14:37:04-Ýade Al düðmesi týklandý.
DEBUG-15/01/2024-14:37:04-C:\Users\SUBU\Documents\Codebas\YordamYardimBT\ButtonImages\iadealbutton.png
DEBUG-15/01/2024-14:39:03-Ýade Al düðmesi 1. denemede bulundu
DEBUG-15/01/2024-14:39:03-Ýade Al - C:\Users\SUBU\Documents\Codebas\YordamYardimBT\ButtonImages\iadealbutton.png bulundu
DEBUG-15/01/2024-14:39:04-Ýade Al düðmesi 1. denemede bulundu
DEBUG-15/01/2024-14:39:04-Ýade Al - C:\Users\SUBU\Documents\Codebas\YordamYardimBT\ButtonImages\iadealbutton.png bulundu
DEBUG-15/01/2024-14:39:04-Ýade Al düðmesi týklandý.
DEBUG-15/01/2024-14:39:04-C:\Users\SUBU\Documents\Codebas\YordamYardimBT\ButtonImages\iadealbutton.png
DEBUG-15/01/2024-14:41:10-Ýade Al düðmesi 1. denemede bulundu
DEBUG-15/01/2024-14:41:10-Ýade Al - C:\Users\SUBU\Documents\Codebas\YordamYardimBT\ButtonImages\iadealbutton.png bulundu
DEBUG-15/01/2024-14:41:12-Ýade Al düðmesi 1. denemede bulundu
DEBUG-15/01/2024-14:41:12-Ýade Al - C:\Users\SUBU\Documents\Codebas\YordamYardimBT\ButtonImages\iadealbutton.png bulundu
DEBUG-15/01/2024-14:41:12-Ýade Al düðmesi týklandý.
DEBUG-15/01/2024-14:41:12-C:\Users\SUBU\Documents\Codebas\YordamYardimBT\ButtonImages\iadealbutton.png
DEBUG-15/01/2024-14:44:46-Ýade Al düðmesi 1. denemede bulundu
DEBUG-15/01/2024-14:44:46-Ýade Al - C:\Users\SUBU\Documents\Codebas\YordamYardimBT\ButtonImages\iadealbutton.png bulundu
DEBUG-15/01/2024-14:44:48-Ýade Al düðmesi 1. denemede bulundu
DEBUG-15/01/2024-14:44:48-Ýade Al - C:\Users\SUBU\Documents\Codebas\YordamYardimBT\ButtonImages\iadealbutton.png bulundu
DEBUG-15/01/2024-14:44:48-Ýade Al düðmesi týklandý.
DEBUG-15/01/2024-14:44:48-C:\Users\SUBU\Documents\Codebas\YordamYardimBT\ButtonImages\iadealbutton.png
