INFO:OpenYordam:Yordam Açma Denemesi
INFO:OpenYordam:Yordam Açma Denemesi
DEBUG-10/01/2024-121547-deneme
DEBUG-10/01/2024-12:16:27-deneme
DEBUG-10/01/2024-12:17:23-deneme22
DEBUG-10/01/2024-13:48:57-Yordam Açma Denemesi
DEBUG-10/01/2024-13:49:01-File Maker açýlýyor
DEBUG-10/01/2024-13:49:05-YordamBT týklanýyor
DEBUG-10/01/2024-13:49:08-Kullanýcý giriþi yapýlýyor
DEBUG-10/01/2024-13:49:34-Üye ödünç iþlemleri düðmesi týklanýyor
DEBUG-10/01/2024-13:49:37-Ödünc islemler dugmesi tiklandý
DEBUG-10/01/2024-13:49:40-Yordam penceresi büyüt küçült
DEBUG-10/01/2024-13:49:41-Yordam BT açýlmýþ olmalý
DEBUG-10/01/2024-16:05:49-Yordam Açma Denemesi
DEBUG-10/01/2024-16:05:53-File Maker açýlýyor
DEBUG-10/01/2024-16:05:55-YordamBT týklanýyor
DEBUG-10/01/2024-16:05:57-Kullanýcý giriþi yapýlýyor
DEBUG-10/01/2024-16:06:05-Üye ödünç iþlemleri düðmesi týklanýyor
DEBUG-10/01/2024-16:06:11-Ödünc islemler dugmesi tiklandý
DEBUG-10/01/2024-16:06:13-Yordam penceresi büyüt küçült
DEBUG-10/01/2024-16:06:14-Yordam BT açýlmýþ olmalý
DEBUG-15/01/2024-14:14:50-Yordam Açma Denemesi
DEBUG-15/01/2024-14:14:54-File Maker açýlýyor
DEBUG-15/01/2024-14:14:57-YordamBT týklanýyor
DEBUG-15/01/2024-14:15:00-Kullanýcý giriþi yapýlýyor
DEBUG-15/01/2024-14:15:08-Üye ödünç iþlemleri düðmesi týklanýyor
DEBUG-15/01/2024-14:15:14-Ödünc islemler dugmesi tiklandý
DEBUG-15/01/2024-14:15:16-Yordam penceresi büyüt küçült
DEBUG-15/01/2024-14:15:17-Yordam BT açýlmýþ olmalý
DEBUG-15/01/2024-14:26:15-Yordam Açma Denemesi
DEBUG-15/01/2024-14:26:20-Yordam zaten acikmis.
