DEBUG-10/01/2024-13:52:55-YordamBT s.19.2 - Sakarya Uygulamalý Bilimler Üniversitesi - KTP338
DEBUG-10/01/2024-13:52:55-None
DEBUG-10/01/2024-13:53:01-YordamBT s.19.2 - Sakarya Uygulamalý Bilimler Üniversitesi - KTP338
DEBUG-10/01/2024-13:53:01-None
DEBUG-10/01/2024-13:53:03-YordamBT s.19.2 - Sakarya Uygulamalý Bilimler Üniversitesi - KTP338
DEBUG-10/01/2024-13:53:03-Point(x=525, y=339)
DEBUG-10/01/2024-13:53:03-uyari alindi
DEBUG-10/01/2024-13:53:04-uyari-Uyarý

1546514561) Bu demirbaþ bulunamadý. lemi tkrer
deneyebilirs


DEBUG-10/01/2024-13:57:00-YordamBT s.19.2 - Sakarya Uygulamalý Bilimler Üniversitesi - KTP338
DEBUG-10/01/2024-13:57:00-None
DEBUG-10/01/2024-13:57:02-YordamBT s.19.2 - Sakarya Uygulamalý Bilimler Üniversitesi - KTP338
DEBUG-10/01/2024-13:57:02-Point(x=525, y=339)
DEBUG-10/01/2024-13:57:02-uyari alindi
DEBUG-10/01/2024-13:57:03-uyari-baþ bulunamadý. Ýþlemi tekrar


DEBUG-15/01/2024-14:20:17-YordamBT s.19.2 - Sakarya Uygulamalý Bilimler Üniversitesi - KTP338
DEBUG-15/01/2024-14:20:17-None
DEBUG-15/01/2024-14:20:19-YordamBT s.19.2 - Sakarya Uygulamalý Bilimler Üniversitesi - KTP338
DEBUG-15/01/2024-14:20:19-Point(x=525, y=339)
DEBUG-15/01/2024-14:20:19-uyari alindi
DEBUG-15/01/2024-14:20:20-uyari-baþ bulunamadý. Ýþlemi tekrar


DEBUG-15/01/2024-14:28:46-YordamBT s.19.2 - Sakarya Uygulamalý Bilimler Üniversitesi - KTP338
DEBUG-15/01/2024-14:28:46-None
DEBUG-15/01/2024-14:28:49-YordamBT s.19.2 - Sakarya Uygulamalý Bilimler Üniversitesi - KTP338
DEBUG-15/01/2024-14:28:49-Point(x=525, y=339)
DEBUG-15/01/2024-14:28:49-uyari alindi
DEBUG-15/01/2024-14:28:50-uyari-Uyarý

1554654) Bu demirbaþ bulunamadý. Ýþlemi tkrer
deneyebilirs


DEBUG-15/01/2024-14:37:04-YordamBT s.19.2 - Sakarya Uygulamalý Bilimler Üniversitesi - KTP338
DEBUG-15/01/2024-14:37:04-None
DEBUG-15/01/2024-14:37:06-YordamBT s.19.2 - Sakarya Uygulamalý Bilimler Üniversitesi - KTP338
DEBUG-15/01/2024-14:37:06-Point(x=525, y=339)
DEBUG-15/01/2024-14:37:06-uyari alindi
DEBUG-15/01/2024-14:37:07-uyari-baþ bulunamadý. Ýþlemi tekrar


DEBUG-15/01/2024-14:39:04-YordamBT s.19.2 - Sakarya Uygulamalý Bilimler Üniversitesi - KTP338
DEBUG-15/01/2024-14:39:04-None
DEBUG-15/01/2024-14:39:07-YordamBT s.19.2 - Sakarya Uygulamalý Bilimler Üniversitesi - KTP338
DEBUG-15/01/2024-14:39:07-Point(x=525, y=339)
DEBUG-15/01/2024-14:39:07-uyari alindi
DEBUG-15/01/2024-14:39:08-uyari-
DEBUG-15/01/2024-14:41:12-YordamBT s.19.2 - Sakarya Uygulamalý Bilimler Üniversitesi - KTP338
DEBUG-15/01/2024-14:41:12-None
DEBUG-15/01/2024-14:41:14-YordamBT s.19.2 - Sakarya Uygulamalý Bilimler Üniversitesi - KTP338
DEBUG-15/01/2024-14:41:14-Point(x=525, y=339)
DEBUG-15/01/2024-14:41:14-uyari alindi
DEBUG-15/01/2024-14:41:15-uyari-
DEBUG-15/01/2024-14:44:48-YordamBT s.19.2 - Sakarya Uygulamalý Bilimler Üniversitesi - KTP338
DEBUG-15/01/2024-14:44:48-None
DEBUG-15/01/2024-14:44:50-YordamBT s.19.2 - Sakarya Uygulamalý Bilimler Üniversitesi - KTP338
DEBUG-15/01/2024-14:44:50-Point(x=525, y=339)
DEBUG-15/01/2024-14:44:50-uyari alindi
DEBUG-15/01/2024-14:44:51-uyari-
